Using pre-set license
Built from '2021.1/release' branch; Version is '2021.1.10f1 (b15f561b2cef) revision 11624278'; Using compiler version '192528614'; Build Type 'Release'
<<<<<<< HEAD
OS: 'Windows 10 Pro; OS build 19041.985; Version 2004; 64bit' Language: 'en' Physical Memory: 32702 MB
BatchMode: 1, IsHumanControllingUs: 0, StartBugReporterOnCrash: 0, Is64bit: 1, IsPro: 0

 COMMAND LINE ARGUMENTS:
C:\Program Files\Unity\Hub\Editor\2021.1.10f1\Editor\Unity.exe
=======
OS: 'Windows 10 Pro Education; OS build 19043.985; Version 2009; 64bit' Language: 'en' Physical Memory: 16318 MB
BatchMode: 1, IsHumanControllingUs: 0, StartBugReporterOnCrash: 0, Is64bit: 1, IsPro: 0

 COMMAND LINE ARGUMENTS:
C:\Folders\GameStuff\unityProjects\2021.1.10f1\Editor\Unity.exe
>>>>>>> 3b4a2289048368f588d491c64f0e9e8508ef2fde
-adb2
-batchMode
-noUpm
-name
AssetImportWorker0
-projectPath
<<<<<<< HEAD
C:/Users/00joh/Documents/GitHub/LaserLink-GMTK2021 - Copy/LaserLink
-logFile
Logs/AssetImportWorker0.log
-srvPort
28889
Successfully changed project path to: C:/Users/00joh/Documents/GitHub/LaserLink-GMTK2021 - Copy/LaserLink
C:/Users/00joh/Documents/GitHub/LaserLink-GMTK2021 - Copy/LaserLink
Using Asset Import Pipeline V2.
Refreshing native plugins compatible for Editor in 75.16 ms, found 3 plugins.
Preloading 0 native plugins for Editor in 0.00 ms.
Initialize engine version: 2021.1.10f1 (b15f561b2cef)
[Subsystems] Discovering subsystems at path C:/Program Files/Unity/Hub/Editor/2021.1.10f1/Editor/Data/Resources/UnitySubsystems
[Subsystems] Discovering subsystems at path C:/Users/00joh/Documents/GitHub/LaserLink-GMTK2021 - Copy/LaserLink/Assets
GfxDevice: creating device client; threaded=0; jobified=0
Direct3D:
    Version:  Direct3D 11.0 [level 11.1]
    Renderer: NVIDIA GeForce RTX 3070 (ID=0x2484)
    Vendor:   NVIDIA
    VRAM:     8043 MB
    Driver:   27.21.14.6663
Shader 'Universal Render Pipeline/Particles/Lit': fallback shader 'Universal Render Pipeline/Particles/SimpleLit' not found
Initialize mono
Mono path[0] = 'C:/Program Files/Unity/Hub/Editor/2021.1.10f1/Editor/Data/Managed'
Mono path[1] = 'C:/Program Files/Unity/Hub/Editor/2021.1.10f1/Editor/Data/MonoBleedingEdge/lib/mono/unityjit'
Mono config path = 'C:/Program Files/Unity/Hub/Editor/2021.1.10f1/Editor/Data/MonoBleedingEdge/etc'
Using monoOptions --debugger-agent=transport=dt_socket,embedding=1,server=y,suspend=n,address=127.0.0.1:56244
Begin MonoManager ReloadAssembly
Registering precompiled unity dll's ...
Register platform support module: C:/Program Files/Unity/Hub/Editor/2021.1.10f1/Editor/Data/PlaybackEngines/WindowsStandaloneSupport/UnityEditor.WindowsStandalone.Extensions.dll
Registered in 0.001393 seconds.
Native extension for WindowsStandalone target not found
Refreshing native plugins compatible for Editor in 79.91 ms, found 3 plugins.
Preloading 0 native plugins for Editor in 0.00 ms.
Mono: successfully reloaded assembly
- Completed reload, in  0.878 seconds
Domain Reload Profiling:
	ReloadAssembly (878ms)
		BeginReloadAssembly (39ms)
=======
C:/GitNHub/LaserLink-GMTK2021/LaserLink
-logFile
Logs/AssetImportWorker0.log
-srvPort
50098
Successfully changed project path to: C:/GitNHub/LaserLink-GMTK2021/LaserLink
C:/GitNHub/LaserLink-GMTK2021/LaserLink
Using Asset Import Pipeline V2.
Refreshing native plugins compatible for Editor in 81.84 ms, found 3 plugins.
Preloading 0 native plugins for Editor in 0.00 ms.
Initialize engine version: 2021.1.10f1 (b15f561b2cef)
[Subsystems] Discovering subsystems at path C:/Folders/GameStuff/unityProjects/2021.1.10f1/Editor/Data/Resources/UnitySubsystems
[Subsystems] Discovering subsystems at path C:/GitNHub/LaserLink-GMTK2021/LaserLink/Assets
GfxDevice: creating device client; threaded=0; jobified=0
Direct3D:
    Version:  Direct3D 11.0 [level 11.1]
    Renderer: NVIDIA GeForce GTX 1080 (ID=0x1b80)
    Vendor:   NVIDIA
    VRAM:     8079 MB
    Driver:   27.21.14.6259
Shader 'Universal Render Pipeline/Particles/Lit': fallback shader 'Universal Render Pipeline/Particles/SimpleLit' not found
Initialize mono
Mono path[0] = 'C:/Folders/GameStuff/unityProjects/2021.1.10f1/Editor/Data/Managed'
Mono path[1] = 'C:/Folders/GameStuff/unityProjects/2021.1.10f1/Editor/Data/MonoBleedingEdge/lib/mono/unityjit'
Mono config path = 'C:/Folders/GameStuff/unityProjects/2021.1.10f1/Editor/Data/MonoBleedingEdge/etc'
Using monoOptions --debugger-agent=transport=dt_socket,embedding=1,server=y,suspend=n,address=127.0.0.1:56516
Begin MonoManager ReloadAssembly
Registering precompiled unity dll's ...
Register platform support module: C:/Folders/GameStuff/unityProjects/2021.1.10f1/Editor/Data/PlaybackEngines/WindowsStandaloneSupport/UnityEditor.WindowsStandalone.Extensions.dll
Registered in 0.001538 seconds.
Native extension for WindowsStandalone target not found
Refreshing native plugins compatible for Editor in 81.93 ms, found 3 plugins.
Preloading 0 native plugins for Editor in 0.00 ms.
Mono: successfully reloaded assembly
- Completed reload, in  0.937 seconds
Domain Reload Profiling:
	ReloadAssembly (937ms)
		BeginReloadAssembly (43ms)
>>>>>>> 3b4a2289048368f588d491c64f0e9e8508ef2fde
			ExecutionOrderSort (0ms)
			DisableScriptedObjects (0ms)
			BackupInstance (0ms)
			ReleaseScriptingObjects (0ms)
			CreateAndSetChildDomain (1ms)
<<<<<<< HEAD
		EndReloadAssembly (396ms)
			LoadAssemblies (37ms)
			RebuildTransferFunctionScriptingTraits (0ms)
			SetupTypeCache (127ms)
			ReleaseScriptCaches (0ms)
			RebuildScriptCaches (22ms)
			SetupLoadedEditorAssemblies (212ms)
				LogAssemblyErrors (0ms)
				InitializePlatformSupportModulesInManaged (5ms)
				SetLoadedEditorAssemblies (0ms)
				RefreshPlugins (80ms)
				BeforeProcessingInitializeOnLoad (1ms)
				ProcessInitializeOnLoadAttributes (94ms)
				ProcessInitializeOnLoadMethodAttributes (32ms)
=======
		EndReloadAssembly (403ms)
			LoadAssemblies (41ms)
			RebuildTransferFunctionScriptingTraits (0ms)
			SetupTypeCache (142ms)
			ReleaseScriptCaches (0ms)
			RebuildScriptCaches (26ms)
			SetupLoadedEditorAssemblies (196ms)
				LogAssemblyErrors (0ms)
				InitializePlatformSupportModulesInManaged (5ms)
				SetLoadedEditorAssemblies (0ms)
				RefreshPlugins (82ms)
				BeforeProcessingInitializeOnLoad (1ms)
				ProcessInitializeOnLoadAttributes (83ms)
				ProcessInitializeOnLoadMethodAttributes (25ms)
>>>>>>> 3b4a2289048368f588d491c64f0e9e8508ef2fde
				AfterProcessingInitializeOnLoad (0ms)
				EditorAssembliesLoaded (0ms)
			ExecutionOrderSort2 (0ms)
			AwakeInstancesAfterBackupRestoration (0ms)
Platform modules already initialized, skipping
Registering precompiled user dll's ...
<<<<<<< HEAD
Registered in 0.005016 seconds.
Begin MonoManager ReloadAssembly
Symbol file LoadedFromMemory doesn't match image C:\Users\00joh\Documents\GitHub\LaserLink-GMTK2021 - Copy\LaserLink\Library\PackageCache\com.unity.visualscripting@1.6.1\Editor\VisualScripting.Core\Dependencies\YamlDotNet\Unity.VisualScripting.YamlDotNet.dll
Symbol file LoadedFromMemory doesn't match image C:\Users\00joh\Documents\GitHub\LaserLink-GMTK2021 - Copy\LaserLink\Library\PackageCache\com.unity.visualscripting@1.6.1\Editor\VisualScripting.Core\Dependencies\DotNetZip\Unity.VisualScripting.IonicZip.dll
Native extension for WindowsStandalone target not found
Refreshing native plugins compatible for Editor in 78.54 ms, found 3 plugins.
Preloading 0 native plugins for Editor in 0.00 ms.
Mono: successfully reloaded assembly
- Completed reload, in  0.997 seconds
Domain Reload Profiling:
	ReloadAssembly (998ms)
		BeginReloadAssembly (109ms)
			ExecutionOrderSort (0ms)
			DisableScriptedObjects (3ms)
			BackupInstance (0ms)
			ReleaseScriptingObjects (0ms)
			CreateAndSetChildDomain (14ms)
		EndReloadAssembly (842ms)
			LoadAssemblies (71ms)
			RebuildTransferFunctionScriptingTraits (0ms)
			SetupTypeCache (292ms)
			ReleaseScriptCaches (1ms)
			RebuildScriptCaches (45ms)
			SetupLoadedEditorAssemblies (352ms)
				LogAssemblyErrors (0ms)
				InitializePlatformSupportModulesInManaged (3ms)
				SetLoadedEditorAssemblies (0ms)
				RefreshPlugins (79ms)
				BeforeProcessingInitializeOnLoad (69ms)
				ProcessInitializeOnLoadAttributes (192ms)
=======
Registered in 0.005209 seconds.
Begin MonoManager ReloadAssembly
Symbol file LoadedFromMemory doesn't match image C:\GitNHub\LaserLink-GMTK2021\LaserLink\Library\PackageCache\com.unity.visualscripting@1.6.1\Editor\VisualScripting.Core\Dependencies\YamlDotNet\Unity.VisualScripting.YamlDotNet.dll
Symbol file LoadedFromMemory doesn't match image C:\GitNHub\LaserLink-GMTK2021\LaserLink\Library\PackageCache\com.unity.visualscripting@1.6.1\Editor\VisualScripting.Core\Dependencies\DotNetZip\Unity.VisualScripting.IonicZip.dll
Native extension for WindowsStandalone target not found
Refreshing native plugins compatible for Editor in 83.00 ms, found 3 plugins.
Preloading 0 native plugins for Editor in 0.00 ms.
Mono: successfully reloaded assembly
- Completed reload, in  1.100 seconds
Domain Reload Profiling:
	ReloadAssembly (1101ms)
		BeginReloadAssembly (122ms)
			ExecutionOrderSort (0ms)
			DisableScriptedObjects (4ms)
			BackupInstance (0ms)
			ReleaseScriptingObjects (0ms)
			CreateAndSetChildDomain (16ms)
		EndReloadAssembly (928ms)
			LoadAssemblies (82ms)
			RebuildTransferFunctionScriptingTraits (0ms)
			SetupTypeCache (323ms)
			ReleaseScriptCaches (1ms)
			RebuildScriptCaches (52ms)
			SetupLoadedEditorAssemblies (382ms)
				LogAssemblyErrors (0ms)
				InitializePlatformSupportModulesInManaged (3ms)
				SetLoadedEditorAssemblies (0ms)
				RefreshPlugins (83ms)
				BeforeProcessingInitializeOnLoad (77ms)
				ProcessInitializeOnLoadAttributes (209ms)
>>>>>>> 3b4a2289048368f588d491c64f0e9e8508ef2fde
				ProcessInitializeOnLoadMethodAttributes (4ms)
				AfterProcessingInitializeOnLoad (5ms)
				EditorAssembliesLoaded (0ms)
			ExecutionOrderSort2 (0ms)
			AwakeInstancesAfterBackupRestoration (5ms)
Platform modules already initialized, skipping
========================================================================
Worker process is ready to serve import requests
Shader 'Universal Render Pipeline/Particles/Lit': fallback shader 'Universal Render Pipeline/Particles/SimpleLit' not found
Launched and connected shader compiler UnityShaderCompiler.exe after 0.03 seconds
<<<<<<< HEAD
Refreshing native plugins compatible for Editor in 0.64 ms, found 3 plugins.
Preloading 0 native plugins for Editor in 0.00 ms.
Unloading 4388 Unused Serialized files (Serialized files now loaded: 0)
System memory in use before: 166.7 MB.
System memory in use after: 166.9 MB.

Unloading 26 unused Assets to reduce memory usage. Loaded Objects now: 4833.
Total: 2.007400 ms (FindLiveObjects: 0.243300 ms CreateObjectMapping: 0.169400 ms MarkObjects: 1.540500 ms  DeleteObjects: 0.053400 ms)
=======
Refreshing native plugins compatible for Editor in 0.79 ms, found 3 plugins.
Preloading 0 native plugins for Editor in 0.00 ms.
Unloading 4385 Unused Serialized files (Serialized files now loaded: 0)
System memory in use before: 166.9 MB.
System memory in use after: 167.1 MB.

Unloading 26 unused Assets to reduce memory usage. Loaded Objects now: 4832.
Total: 2.379700 ms (FindLiveObjects: 0.314500 ms CreateObjectMapping: 0.183000 ms MarkObjects: 1.818500 ms  DeleteObjects: 0.062500 ms)
>>>>>>> 3b4a2289048368f588d491c64f0e9e8508ef2fde

AssetImportParameters requested are different than current active one (requested -> active):
  custom:framework-win-MediaFoundation: 216162199b28c13a410421893ffa2e32 -> 
  custom:video-decoder-ogg-theora: a1e56fd34408186e4bbccfd4996cb3dc -> 
  custom:container-muxer-webm: aa71ff27fc2769a1b78a27578f13a17b -> 
  custom:container-demuxer-webm: 4f35f7cbe854078d1ac9338744f61a02 -> 
  custom:container-demuxer-ogg: 62fdf1f143b41e24485cea50d1cbac27 -> 
  custom:video-encoder-webm-vp8: eb34c28f22e8b96e1ab97ce403110664 -> 
<<<<<<< HEAD
=======
  custom:video-codec-MediaFoundation-h265: 746d11721c4dcdbdad8f713fa42b33f4 -> 
>>>>>>> 3b4a2289048368f588d491c64f0e9e8508ef2fde
  custom:video-decoder-webm-vp8: 9c59270c3fd7afecdb556c50c9e8de78 -> 
  custom:audio-decoder-ogg-vorbis: bf7c407c2cedff20999df2af8eb42d56 -> 
  custom:audio-encoder-webm-vorbis: bf7c407c2cedff20999df2af8eb42d56 -> 
========================================================================
Received Import Request.
<<<<<<< HEAD
  path: Assets/_Folder/UniversalRenderPipelineAsset.asset
  artifactKey: Guid(7d4dc901812b5a8469be0775586b9333) Importer(815301076,1909f56bfc062723c751e8b465ee728b)
Start importing Assets/_Folder/UniversalRenderPipelineAsset.asset using Guid(7d4dc901812b5a8469be0775586b9333) Importer(815301076,1909f56bfc062723c751e8b465ee728b)  -> (artifact id: '24f3e233349246b2b776e48b7892e021') in 0.024365 seconds 
========================================================================
Received Import Request.
  Time since last request: 0.000111 seconds.
  path: Assets/_Folder/UniversalRenderPipelineAsset_Renderer.asset
  artifactKey: Guid(4e1a28e477da7dd4d88c82862c559efd) Importer(815301076,1909f56bfc062723c751e8b465ee728b)
Start importing Assets/_Folder/UniversalRenderPipelineAsset_Renderer.asset using Guid(4e1a28e477da7dd4d88c82862c559efd) Importer(815301076,1909f56bfc062723c751e8b465ee728b)  -> (artifact id: 'ee53e2a07221c094f037eaf56d09159a') in 0.004617 seconds 
========================================================================
Received Import Request.
  Time since last request: 0.000163 seconds.
  path: Assets/_Folder
  artifactKey: Guid(ac7f0ce447053644e8b98c27f4ffd443) Importer(815301076,1909f56bfc062723c751e8b465ee728b)
Start importing Assets/_Folder using Guid(ac7f0ce447053644e8b98c27f4ffd443) Importer(815301076,1909f56bfc062723c751e8b465ee728b)  -> (artifact id: 'feed5a484125cd07144e81ebe1ad6881') in 0.004437 seconds 
========================================================================
Received Import Request.
  Time since last request: 11.141709 seconds.
  path: Assets/Scenes
  artifactKey: Guid(8af1adf22ced65343935e988a338b68e) Importer(815301076,1909f56bfc062723c751e8b465ee728b)
Start importing Assets/Scenes using Guid(8af1adf22ced65343935e988a338b68e) Importer(815301076,1909f56bfc062723c751e8b465ee728b)  -> (artifact id: '844045123d17ae0ba1ba8b9a4eaa3fb5') in 0.004542 seconds 
========================================================================
Received Import Request.
  Time since last request: 1.103511 seconds.
  path: Assets/Scenes/SampleScene.unity
  artifactKey: Guid(9fc0d4010bbf28b4594072e72b8655ab) Importer(815301076,1909f56bfc062723c751e8b465ee728b)
Start importing Assets/Scenes/SampleScene.unity using Guid(9fc0d4010bbf28b4594072e72b8655ab) Importer(815301076,1909f56bfc062723c751e8b465ee728b)  -> (artifact id: '24e47d4f85f29c31aa779abab65fe3b8') in 0.007246 seconds 
========================================================================
Received Import Request.
  Time since last request: 339.182946 seconds.
  path: Assets/_Folder/New Terrain Layer.terrainlayer
  artifactKey: Guid(5770d07988e70be49b9e9a01fd24b5ce) Importer(815301076,1909f56bfc062723c751e8b465ee728b)
Start importing Assets/_Folder/New Terrain Layer.terrainlayer using Guid(5770d07988e70be49b9e9a01fd24b5ce) Importer(815301076,1909f56bfc062723c751e8b465ee728b)  -> (artifact id: '699f9386d9e45856194deca94661024c') in 0.029963 seconds 
========================================================================
Received Import Request.
  Time since last request: 193.167690 seconds.
  path: Assets/Scenes/Menu.unity
  artifactKey: Guid(31a38d48be3b9e243a303f7bd96a29f3) Importer(815301076,1909f56bfc062723c751e8b465ee728b)
Start importing Assets/Scenes/Menu.unity using Guid(31a38d48be3b9e243a303f7bd96a29f3) Importer(815301076,1909f56bfc062723c751e8b465ee728b)  -> (artifact id: '28ffbbbba003d800092d81a927a8e619') in 0.005158 seconds 
========================================================================
Received Import Request.
  Time since last request: 9.455081 seconds.
  path: Assets/Scenes/SampleScene.unity
  artifactKey: Guid(9fc0d4010bbf28b4594072e72b8655ab) Importer(815301076,1909f56bfc062723c751e8b465ee728b)
Start importing Assets/Scenes/SampleScene.unity using Guid(9fc0d4010bbf28b4594072e72b8655ab) Importer(815301076,1909f56bfc062723c751e8b465ee728b)  -> (artifact id: 'e1d57f690e61fabb65fc19e8b1774c7d') in 0.001868 seconds 
========================================================================
Received Import Request.
  Time since last request: 13.610691 seconds.
  path: Assets/Scenes/LaserMenu.unity
  artifactKey: Guid(31a38d48be3b9e243a303f7bd96a29f3) Importer(815301076,1909f56bfc062723c751e8b465ee728b)
Start importing Assets/Scenes/LaserMenu.unity using Guid(31a38d48be3b9e243a303f7bd96a29f3) Importer(815301076,1909f56bfc062723c751e8b465ee728b)  -> (artifact id: 'e2212626d132a1693f0f3afb3433c504') in 0.004961 seconds 
=======
  path: Assets
  artifactKey: Guid(00000000000000001000000000000000) Importer(815301076,1909f56bfc062723c751e8b465ee728b)
Start importing Assets using Guid(00000000000000001000000000000000) Importer(815301076,1909f56bfc062723c751e8b465ee728b)  -> (artifact id: '42d402b061de3733987d63b9cc3b64de') in 0.008639 seconds 
========================================================================
Received Import Request.
  Time since last request: 4.322953 seconds.
  path: Assets/_Folder
  artifactKey: Guid(ac7f0ce447053644e8b98c27f4ffd443) Importer(815301076,1909f56bfc062723c751e8b465ee728b)
Start importing Assets/_Folder using Guid(ac7f0ce447053644e8b98c27f4ffd443) Importer(815301076,1909f56bfc062723c751e8b465ee728b)  -> (artifact id: '27a176bcf569b89b13b1cdc4413998cd') in 0.005697 seconds 
========================================================================
Received Import Request.
  Time since last request: 33.251071 seconds.
  path: Assets/_Folder/UniversalRenderPipelineAsset.asset
  artifactKey: Guid(7d4dc901812b5a8469be0775586b9333) Importer(815301076,1909f56bfc062723c751e8b465ee728b)
Start importing Assets/_Folder/UniversalRenderPipelineAsset.asset using Guid(7d4dc901812b5a8469be0775586b9333) Importer(815301076,1909f56bfc062723c751e8b465ee728b)  -> (artifact id: '1d3d961fb03f4860d7c86a34feeaf6e5') in 0.031166 seconds 
========================================================================
Received Import Request.
  Time since last request: 0.000196 seconds.
  path: Assets/_Folder/UniversalRenderPipelineAsset_Renderer.asset
  artifactKey: Guid(4e1a28e477da7dd4d88c82862c559efd) Importer(815301076,1909f56bfc062723c751e8b465ee728b)
Start importing Assets/_Folder/UniversalRenderPipelineAsset_Renderer.asset using Guid(4e1a28e477da7dd4d88c82862c559efd) Importer(815301076,1909f56bfc062723c751e8b465ee728b)  -> (artifact id: '6e0385053b8a5686f905916c99c8e373') in 0.006510 seconds 
========================================================================
Received Prepare
Shader 'Universal Render Pipeline/Particles/Lit': fallback shader 'Universal Render Pipeline/Particles/SimpleLit' not found
Refreshing native plugins compatible for Editor in 3.61 ms, found 3 plugins.
Preloading 0 native plugins for Editor in 0.00 ms.
Unloading 22 Unused Serialized files (Serialized files now loaded: 0)
System memory in use before: 76.0 MB.
System memory in use after: 76.2 MB.

Unloading 19 unused Assets to reduce memory usage. Loaded Objects now: 4835.
Total: 2.751300 ms (FindLiveObjects: 0.266200 ms CreateObjectMapping: 0.209200 ms MarkObjects: 2.236400 ms  DeleteObjects: 0.038700 ms)

AssetImportParameters requested are different than current active one (requested -> active):
  custom:framework-win-MediaFoundation: 216162199b28c13a410421893ffa2e32 -> 
  custom:video-decoder-ogg-theora: a1e56fd34408186e4bbccfd4996cb3dc -> 
  custom:container-muxer-webm: aa71ff27fc2769a1b78a27578f13a17b -> 
  custom:container-demuxer-webm: 4f35f7cbe854078d1ac9338744f61a02 -> 
  custom:container-demuxer-ogg: 62fdf1f143b41e24485cea50d1cbac27 -> 
  custom:video-encoder-webm-vp8: eb34c28f22e8b96e1ab97ce403110664 -> 
  custom:video-codec-MediaFoundation-h265: 746d11721c4dcdbdad8f713fa42b33f4 -> 
  custom:video-decoder-webm-vp8: 9c59270c3fd7afecdb556c50c9e8de78 -> 
  custom:audio-decoder-ogg-vorbis: bf7c407c2cedff20999df2af8eb42d56 -> 
  custom:audio-encoder-webm-vorbis: bf7c407c2cedff20999df2af8eb42d56 -> 
========================================================================
Received Import Request.
  Time since last request: 51.302221 seconds.
  path: Assets/_Folder/UniversalRenderPipelineAsset.asset
  artifactKey: Guid(7d4dc901812b5a8469be0775586b9333) Importer(815301076,1909f56bfc062723c751e8b465ee728b)
Start importing Assets/_Folder/UniversalRenderPipelineAsset.asset using Guid(7d4dc901812b5a8469be0775586b9333) Importer(815301076,1909f56bfc062723c751e8b465ee728b)  -> (artifact id: 'ad1aa53f1b9d9b02b0feb5e76c03f9cd') in 0.004291 seconds 
========================================================================
Received Import Request.
  Time since last request: 0.000219 seconds.
  path: Assets/_Folder/UniversalRenderPipelineAsset_Renderer.asset
  artifactKey: Guid(4e1a28e477da7dd4d88c82862c559efd) Importer(815301076,1909f56bfc062723c751e8b465ee728b)
Start importing Assets/_Folder/UniversalRenderPipelineAsset_Renderer.asset using Guid(4e1a28e477da7dd4d88c82862c559efd) Importer(815301076,1909f56bfc062723c751e8b465ee728b)  -> (artifact id: 'c10425920dbc585b0762c91183f62824') in 0.002182 seconds 
>>>>>>> 3b4a2289048368f588d491c64f0e9e8508ef2fde
AssetImportWorkerClient::OnTransportError - code=2 error=End of file
